[dashboard.midtrans.com/login.html]
[backblue.gif]
[fade.gif]
[index.html]
[ajax.googleapis.com/ajax/libs/jquery/3.6.0/jquery.min.js]
[d2qxq3vr14xbxo.cloudfront.net/assets/snail/libs/jquery.migrate-d9653ef3f801d0b49bf0ff7761e0f17b8f8e8896576093366a983f2d08b63401.js]
[d2qxq3vr14xbxo.cloudfront.net/assets/login-21214363d283affa85b2ce0191b6acd00d0e7f35ab2a2402dcab6087ae3aadc2.js]
[www.google-analytics.com/analytics.js]
[d31qbv1cthcecs.cloudfront.net/atrk.js]
[d5nxst8fruw4z.cloudfront.net/atrk0166.gif]
[app.yellowmessenger.com/widget/main.js]
[dashboard.midtrans.com/register.html]
[dashboard.midtrans.com/password/new.html]
[dashboard.midtrans.com/confirmation.html]
[dashboard.midtrans.com/login07a0.html]
[dashboard.midtrans.com/login0417.html]
[d2qxq3vr14xbxo.cloudfront.net/assets/blog/thumb-5-440f479e6c4afcc1cf1b9886a7df854f8e5fcc7df3546080222ae465d38befe1.jpg]
[d2qxq3vr14xbxo.cloudfront.net/assets/blog/thumb-6-cd5cf21a2c058c16cd134f10f75190c59735d0358288101c7c279c7956663035.jpg]
[d2qxq3vr14xbxo.cloudfront.net/assets/blog/thumb-7-d74e9d9b8a30c23a464c10239a412065d6518ab539448f6449efe279394c2005.jpg]
[d2qxq3vr14xbxo.cloudfront.net/assets/blog/thumb-8-f7feaa7a87af33a6de5676db6d22b2c5023d3c2ae7c621a8bd0c366ef22001f0.jpg]
[dashboard.midtrans.com/login.html]
[d2qxq3vr14xbxo.cloudfront.net/assets/Poppins-Regular-78f127277756ae464f4eb665ce214cb6315746f6f4193e95b31f18f4b3e97527.ttf]
[d2qxq3vr14xbxo.cloudfront.net/assets/midtrans-new-e291c152853d2cfa6405caf1cbac79c6ed49969d3c911fe01f452d38aee98b47.css]
[d2qxq3vr14xbxo.cloudfront.net/assets/lib/anno-914dcb5439d4548804a7f8a5a4de11ce5bec5135aad4f5ab10dc887bba9825bd.css]
[d2qxq3vr14xbxo.cloudfront.net/apple-touch-icon-57x57-precomposed.png]
[d2qxq3vr14xbxo.cloudfront.net/apple-touch-icon-72x72-precomposed.png]
[d2qxq3vr14xbxo.cloudfront.net/apple-touch-icon-114x114-precomposed.png]
[www.google.com/recaptcha/api.js]
[dashboard.midtrans.com/register07a0.html]
[dashboard.midtrans.com/register.html]
[dashboard.midtrans.com/register0417.html]
[dashboard.midtrans.com/password/new07a0.html]
[dashboard.midtrans.com/password/new.html]
[dashboard.midtrans.com/password/new0417.html]
[dashboard.midtrans.com/confirmation07a0.html]
[dashboard.midtrans.com/confirmation.html]
[dashboard.midtrans.com/login07a0.html]
[dashboard.midtrans.com/login0417.html]
[dashboard.midtrans.com/confirmation0417.html]
[dashboard.midtrans.com/register07a0.html]
[dashboard.midtrans.com/register0417.html]
[dashboard.midtrans.com/password/new07a0.html]
[dashboard.midtrans.com/password/new0417.html]
[dashboard.midtrans.com/confirmation07a0.html]
[dashboard.midtrans.com/confirmation0417.html]
